<?xml version="1.0" encoding="UTF-8"?>
<testsuite name="ru.samsung.itacademy.mdev.simplecalctemplate.CalculatorTest" tests="4" skipped="0" failures="0" errors="0" timestamp="2022-02-20T09:36:14" hostname="NOMUSPC" time="0.006">
  <properties/>
  <testcase name="subtraction" classname="ru.samsung.itacademy.mdev.simplecalctemplate.CalculatorTest" time="0.002"/>
  <testcase name="addition" classname="ru.samsung.itacademy.mdev.simplecalctemplate.CalculatorTest" time="0.0"/>
  <testcase name="division" classname="ru.samsung.itacademy.mdev.simplecalctemplate.CalculatorTest" time="0.002"/>
  <testcase name="multiplication" classname="ru.samsung.itacademy.mdev.simplecalctemplate.CalculatorTest" time="0.0"/>
  <system-out><![CDATA[Divide by 0
]]></system-out>
  <system-err><![CDATA[]]></system-err>
</testsuite>
